# JRE version: Java(TM) SE Runtime Environment (8.0_144-b01) (build 1.8.0_144-b01)
# Java VM: Java HotSpot(TM) Client VM (25.144-b01 mixed mode windows-x86 )
Heap:
 def new generation   total 101760K, used 77687K [0x05400000, 0x0c260000, 0x0fea0000)
  eden space 90496K,  81% used [0x05400000, 0x09bf2e10, 0x0ac60000)
  from space 11264K,  35% used [0x0b760000, 0x0bb4b0b8, 0x0c260000)
  to   space 11264K,   0% used [0x0ac60000, 0x0ac60000, 0x0b760000)
 tenured generation   total 225880K, used 140421K [0x0fea0000, 0x1db36000, 0x25400000)
   the space 225880K,  62% used [0x0fea0000, 0x187c1540, 0x187c1600, 0x1db36000)
 Metaspace       used 21834K, capacity 22565K, committed 23424K, reserved 23936K
GC Heap History (10 events):
Event: 239932.345 GC heap before
{Heap before GC invocations=374 (full 4):
 def new generation   total 101760K, used 90497K [0x05400000, 0x0c260000, 0x0fea0000)
  eden space 90496K, 100% used [0x05400000, 0x0ac60000, 0x0ac60000)
  from space 11264K,   0% used [0x0ac60000, 0x0ac60610, 0x0b760000)
  to   space 11264K,   0% used [0x0b760000, 0x0b760000, 0x0c260000)
 tenured generation   total 225880K, used 140421K [0x0fea0000, 0x1db36000, 0x25400000)
   the space 225880K,  62% used [0x0fea0000, 0x187c1540, 0x187c1600, 0x1db36000)
 Metaspace       used 21834K, capacity 22565K, committed 23424K, reserved 23936K
Event: 279260.811 GC heap after
Heap after GC invocations=375 (full 4):
 def new generation   total 101760K, used 4350K [0x05400000, 0x0c260000, 0x0fea0000)
  eden space 90496K,   0% used [0x05400000, 0x05400000, 0x0ac60000)
  from space 11264K,  38% used [0x0b760000, 0x0bb9fb08, 0x0c260000)
  to   space 11264K,   0% used [0x0ac60000, 0x0ac60000, 0x0b760000)
 tenured generation   total 225880K, used 140421K [0x0fea0000, 0x1db36000, 0x25400000)
   the space 225880K,  62% used [0x0fea0000, 0x187c1540, 0x187c1600, 0x1db36000)
 Metaspace       used 21834K, capacity 22565K, committed 23424K, reserved 23936K
}
Event: 282958.570 GC heap before
{Heap before GC invocations=375 (full 4):
 def new generation   total 101760K, used 94846K [0x05400000, 0x0c260000, 0x0fea0000)
  eden space 90496K, 100% used [0x05400000, 0x0ac60000, 0x0ac60000)
  from space 11264K,  38% used [0x0b760000, 0x0bb9fb08, 0x0c260000)
  to   space 11264K,   0% used [0x0ac60000, 0x0ac60000, 0x0b760000)
 tenured generation   total 225880K, used 140421K [0x0fea0000, 0x1db36000, 0x25400000)
   the space 225880K,  62% used [0x0fea0000, 0x187c1540, 0x187c1600, 0x1db36000)
 Metaspace       used 21834K, capacity 22565K, committed 23424K, reserved 23936K
Event: 282970.266 GC heap after
Heap after GC invocations=376 (full 4):
 def new generation   total 101760K, used 4019K [0x05400000, 0x0c260000, 0x0fea0000)
  eden space 90496K,   0% used [0x05400000, 0x05400000, 0x0ac60000)
  from space 11264K,  35% used [0x0ac60000, 0x0b04cca8, 0x0b760000)
  to   space 11264K,   0% used [0x0b760000, 0x0b760000, 0x0c260000)
 tenured generation   total 225880K, used 140421K [0x0fea0000, 0x1db36000, 0x25400000)
   the space 225880K,  62% used [0x0fea0000, 0x187c1540, 0x187c1600, 0x1db36000)
 Metaspace       used 21834K, capacity 22565K, committed 23424K, reserved 23936K
}
Event: 286629.255 GC heap before
{Heap before GC invocations=376 (full 4):
 def new generation   total 101760K, used 94515K [0x05400000, 0x0c260000, 0x0fea0000)
  eden space 90496K, 100% used [0x05400000, 0x0ac60000, 0x0ac60000)
  from space 11264K,  35% used [0x0ac60000, 0x0b04cca8, 0x0b760000)
  to   space 11264K,   0% used [0x0b760000, 0x0b760000, 0x0c260000)
 tenured generation   total 225880K, used 140421K [0x0fea0000, 0x1db36000, 0x25400000)
   the space 225880K,  62% used [0x0fea0000, 0x187c1540, 0x187c1600, 0x1db36000)
 Metaspace       used 21834K, capacity 22565K, committed 23424K, reserved 23936K
Event: 286641.690 GC heap after
Heap after GC invocations=377 (full 4):
 def new generation   total 101760K, used 4036K [0x05400000, 0x0c260000, 0x0fea0000)
  eden space 90496K,   0% used [0x05400000, 0x05400000, 0x0ac60000)
  from space 11264K,  35% used [0x0b760000, 0x0bb51078, 0x0c260000)
  to   space 11264K,   0% used [0x0ac60000, 0x0ac60000, 0x0b760000)
 tenured generation   total 225880K, used 140421K [0x0fea0000, 0x1db36000, 0x25400000)
   the space 225880K,  62% used [0x0fea0000, 0x187c1540, 0x187c1600, 0x1db36000)
 Metaspace       used 21834K, capacity 22565K, committed 23424K, reserved 23936K
}
Event: 290323.799 GC heap before
{Heap before GC invocations=377 (full 4):
 def new generation   total 101760K, used 94532K [0x05400000, 0x0c260000, 0x0fea0000)
  eden space 90496K, 100% used [0x05400000, 0x0ac60000, 0x0ac60000)
  from space 11264K,  35% used [0x0b760000, 0x0bb51078, 0x0c260000)
  to   space 11264K,   0% used [0x0ac60000, 0x0ac60000, 0x0b760000)
 tenured generation   total 225880K, used 140421K [0x0fea0000, 0x1db36000, 0x25400000)
   the space 225880K,  62% used [0x0fea0000, 0x187c1540, 0x187c1600, 0x1db36000)
 Metaspace       used 21834K, capacity 22565K, committed 23424K, reserved 23936K
Event: 290323.809 GC heap after
Heap after GC invocations=378 (full 4):
 def new generation   total 101760K, used 4012K [0x05400000, 0x0c260000, 0x0fea0000)
  eden space 90496K,   0% used [0x05400000, 0x05400000, 0x0ac60000)
  from space 11264K,  35% used [0x0ac60000, 0x0b04b170, 0x0b760000)
  to   space 11264K,   0% used [0x0b760000, 0x0b760000, 0x0c260000)
 tenured generation   total 225880K, used 140421K [0x0fea0000, 0x1db36000, 0x25400000)
   the space 225880K,  62% used [0x0fea0000, 0x187c1540, 0x187c1600, 0x1db36000)
 Metaspace       used 21834K, capacity 22565K, committed 23424K, reserved 23936K
}
Event: 294026.269 GC heap before
{Heap before GC invocations=378 (full 4):
 def new generation   total 101760K, used 94508K [0x05400000, 0x0c260000, 0x0fea0000)
  eden space 90496K, 100% used [0x05400000, 0x0ac60000, 0x0ac60000)
  from space 11264K,  35% used [0x0ac60000, 0x0b04b170, 0x0b760000)
  to   space 11264K,   0% used [0x0b760000, 0x0b760000, 0x0c260000)
 tenured generation   total 225880K, used 140421K [0x0fea0000, 0x1db36000, 0x25400000)
   the space 225880K,  62% used [0x0fea0000, 0x187c1540, 0x187c1600, 0x1db36000)
 Metaspace       used 21834K, capacity 22565K, committed 23424K, reserved 23936K
Event: 294026.273 GC heap after
Heap after GC invocations=379 (full 4):
 def new generation   total 101760K, used 4012K [0x05400000, 0x0c260000, 0x0fea0000)
  eden space 90496K,   0% used [0x05400000, 0x05400000, 0x0ac60000)
  from space 11264K,  35% used [0x0b760000, 0x0bb4b0b8, 0x0c260000)
  to   space 11264K,   0% used [0x0ac60000, 0x0ac60000, 0x0b760000)
 tenured generation   total 225880K, used 140421K [0x0fea0000, 0x1db36000, 0x25400000)
   the space 225880K,  62% used [0x0fea0000, 0x187c1540, 0x187c1600, 0x1db36000)
 Metaspace       used 21834K, capacity 22565K, committed 23424K, reserved 23936K
}

